<?xml version="1.0" encoding="UTF-8" ?>
<testsuite errors="0" failures="1" hostname="C01-DAT0099" name="com.junit.teastcase.TestLogic" skipped="0" tests="1" time="0.074" timestamp="2017-07-14T08:31:10">
  <properties>
[...]
</properties>
  <testcase classname="com.junit.teastcase.TestLogic" name="testFindMax" time="0.008">
    <failure message="expected:&lt;-1&gt; but was:&lt;0&gt;" type="junit.framework.AssertionFailedError">junit.framework.AssertionFailedError: expected:&lt;-1&gt; but was:&lt;0&gt;
	at com.junit.teastcase.TestLogic.testFindMax(TestLogic.java:12)
</failure>
  </testcase>
  <system-out><![CDATA[]]></system-out>
  <system-err><![CDATA[]]></system-err>
</testsuite>
